2024-11-26T02:38:40.894135Z 0 [Warning] [MY-010097] [Server] Insecure configuration for --secure-file-priv: Current value does not restrict location of generated files. Consider setting it to a valid, non-empty path.
2024-11-26T02:38:40.894227Z 0 [Warning] [MY-010918] [Server] 'default_authentication_plugin' is deprecated and will be removed in a future release. Please use authentication_policy instead.
2024-11-26T02:38:40.894275Z 0 [System] [MY-010116] [Server] C:\laragon\bin\mysql\mysql-8.0.30-winx64\bin\mysqld (mysqld 8.0.30) starting as process 684
2024-11-26T02:38:40.970160Z 1 [System] [MY-013576] [InnoDB] InnoDB initialization has started.
2024-11-26T02:38:41.410527Z 1 [System] [MY-013577] [InnoDB] InnoDB initialization has ended.
2024-11-26T02:38:41.899771Z 0 [Warning] [MY-013829] [Server] Missing data directory for ICU regular expressions: C:\laragon\bin\mysql\mysql-8.0.30-winx64\lib\private\.
2024-11-26T02:38:41.904644Z 0 [Warning] [MY-010068] [Server] CA certificate ca.pem is self signed.
2024-11-26T02:38:41.905080Z 0 [System] [MY-013602] [Server] Channel mysql_main configured to support TLS. Encrypted connections are now supported for this channel.
2024-11-26T02:38:41.945813Z 0 [System] [MY-010931] [Server] C:\laragon\bin\mysql\mysql-8.0.30-winx64\bin\mysqld: ready for connections. Version: '8.0.30'  socket: ''  port: 3306  MySQL Community Server - GPL.
2024-11-26T02:38:41.945803Z 0 [System] [MY-011323] [Server] X Plugin ready for connections. Bind-address: '::' port: 33060
2024-12-09T04:18:45.033033Z 0 [Warning] [MY-010097] [Server] Insecure configuration for --secure-file-priv: Current value does not restrict location of generated files. Consider setting it to a valid, non-empty path.
2024-12-09T04:18:45.034327Z 0 [Warning] [MY-010918] [Server] 'default_authentication_plugin' is deprecated and will be removed in a future release. Please use authentication_policy instead.
2024-12-09T04:18:45.034360Z 0 [System] [MY-010116] [Server] C:\laragon\bin\mysql\mysql-8.0.30-winx64\bin\mysqld (mysqld 8.0.30) starting as process 2276
2024-12-09T04:18:45.166662Z 1 [System] [MY-013576] [InnoDB] InnoDB initialization has started.
2024-12-09T04:18:46.861141Z 1 [System] [MY-013577] [InnoDB] InnoDB initialization has ended.
2024-12-09T04:18:47.162266Z 0 [System] [MY-010229] [Server] Starting XA crash recovery...
2024-12-09T04:18:47.166324Z 0 [System] [MY-010232] [Server] XA crash recovery finished.
2024-12-09T04:18:47.212003Z 0 [Warning] [MY-013829] [Server] Missing data directory for ICU regular expressions: C:\laragon\bin\mysql\mysql-8.0.30-winx64\lib\private\.
2024-12-09T04:18:47.255057Z 0 [Warning] [MY-010068] [Server] CA certificate ca.pem is self signed.
2024-12-09T04:18:47.255355Z 0 [System] [MY-013602] [Server] Channel mysql_main configured to support TLS. Encrypted connections are now supported for this channel.
2024-12-09T04:18:47.341457Z 0 [System] [MY-011323] [Server] X Plugin ready for connections. Bind-address: '::' port: 33060
2024-12-09T04:18:47.341677Z 0 [System] [MY-010931] [Server] C:\laragon\bin\mysql\mysql-8.0.30-winx64\bin\mysqld: ready for connections. Version: '8.0.30'  socket: ''  port: 3306  MySQL Community Server - GPL.
2024-12-09T04:30:28.344065Z 8 [System] [MY-013172] [Server] Received SHUTDOWN from user root. Shutting down mysqld (Version: 8.0.30).
2024-12-09T04:30:28.345998Z 0 [System] [MY-013105] [Server] C:\laragon\bin\mysql\mysql-8.0.30-winx64\bin\mysqld: Normal shutdown.
2024-12-09T04:30:29.517229Z 0 [System] [MY-010910] [Server] C:\laragon\bin\mysql\mysql-8.0.30-winx64\bin\mysqld: Shutdown complete (mysqld 8.0.30)  MySQL Community Server - GPL.
